mode: set
github.com\0xor1\sus\file.go:9.111,11.2 1 1
github.com\0xor1\sus\file.go:14.152,17.16 2 1
github.com\0xor1\sus\file.go:21.2,21.40 1 1
github.com\0xor1\sus\file.go:25.2,25.41 1 1
github.com\0xor1\sus\file.go:36.2,36.41 1 1
github.com\0xor1\sus\file.go:40.2,40.31 1 1
github.com\0xor1\sus\file.go:44.2,44.43 1 1
github.com\0xor1\sus\file.go:49.2,49.84 1 1
github.com\0xor1\sus\file.go:17.16,19.3 1 1
github.com\0xor1\sus\file.go:21.40,23.3 1 1
github.com\0xor1\sus\file.go:25.41,27.40 2 1
github.com\0xor1\sus\file.go:33.3,33.29 1 1
github.com\0xor1\sus\file.go:27.40,28.26 1 1
github.com\0xor1\sus\file.go:31.4,31.19 1 1
github.com\0xor1\sus\file.go:28.26,30.5 1 1
github.com\0xor1\sus\file.go:36.41,38.3 1 1
github.com\0xor1\sus\file.go:40.31,42.3 1 1
github.com\0xor1\sus\file.go:44.43,47.3 2 1
github.com\0xor1\sus\memory.go:7.45,9.2 1 1
github.com\0xor1\sus\memory.go:11.48,13.2 1 1
github.com\0xor1\sus\memory.go:16.87,18.2 1 1
github.com\0xor1\sus\memory.go:21.112,24.41 2 1
github.com\0xor1\sus\memory.go:33.2,33.41 1 1
github.com\0xor1\sus\memory.go:38.2,38.31 1 1
github.com\0xor1\sus\memory.go:43.2,43.43 1 1
github.com\0xor1\sus\memory.go:48.2,48.79 1 1
github.com\0xor1\sus\memory.go:24.41,27.14 3 1
github.com\0xor1\sus\memory.go:30.3,30.16 1 1
github.com\0xor1\sus\memory.go:27.14,29.4 1 1
github.com\0xor1\sus\memory.go:33.41,36.3 2 1
github.com\0xor1\sus\memory.go:38.31,41.3 2 1
github.com\0xor1\sus\memory.go:43.43,46.3 2 1
github.com\0xor1\sus\mutex_byte.go:14.179,17.52 2 1
github.com\0xor1\sus\mutex_byte.go:39.2,39.53 1 1
github.com\0xor1\sus\mutex_byte.go:53.2,53.45 1 1
github.com\0xor1\sus\mutex_byte.go:64.2,64.38 1 1
github.com\0xor1\sus\mutex_byte.go:70.2,70.71 1 1
github.com\0xor1\sus\mutex_byte.go:17.52,22.29 5 1
github.com\0xor1\sus\mutex_byte.go:33.3,33.17 1 1
github.com\0xor1\sus\mutex_byte.go:36.3,36.17 1 1
github.com\0xor1\sus\mutex_byte.go:22.29,24.18 2 1
github.com\0xor1\sus\mutex_byte.go:27.4,29.18 3 1
github.com\0xor1\sus\mutex_byte.go:24.18,25.10 1 1
github.com\0xor1\sus\mutex_byte.go:29.18,30.10 1 1
github.com\0xor1\sus\mutex_byte.go:33.17,35.4 1 1
github.com\0xor1\sus\mutex_byte.go:39.53,43.29 4 1
github.com\0xor1\sus\mutex_byte.go:50.3,50.13 1 1
github.com\0xor1\sus\mutex_byte.go:43.29,45.18 2 1
github.com\0xor1\sus\mutex_byte.go:48.4,48.23 1 1
github.com\0xor1\sus\mutex_byte.go:45.18,46.10 1 1
github.com\0xor1\sus\mutex_byte.go:53.45,55.30 2 1
github.com\0xor1\sus\mutex_byte.go:61.3,61.9 1 1
github.com\0xor1\sus\mutex_byte.go:55.30,57.18 2 1
github.com\0xor1\sus\mutex_byte.go:57.18,58.10 1 1
github.com\0xor1\sus\mutex_byte.go:64.38,68.3 3 1
github.com\0xor1\sus\mutex_byte.go:77.53,79.2 1 1
github.com\0xor1\sus\sus.go:42.164,44.2 1 1
github.com\0xor1\sus\sus.go:58.60,60.35 2 1
github.com\0xor1\sus\sus.go:64.2,64.8 1 1
github.com\0xor1\sus\sus.go:60.35,63.3 2 1
github.com\0xor1\sus\sus.go:68.81,69.16 1 1
github.com\0xor1\sus\sus.go:72.2,73.40 2 1
github.com\0xor1\sus\sus.go:82.2,82.8 1 1
github.com\0xor1\sus\sus.go:69.16,71.3 1 1
github.com\0xor1\sus\sus.go:73.40,76.31 3 1
github.com\0xor1\sus\sus.go:80.3,80.29 1 1
github.com\0xor1\sus\sus.go:76.31,79.4 2 1
github.com\0xor1\sus\sus.go:86.56,88.18 2 1
github.com\0xor1\sus\sus.go:91.2,91.8 1 1
github.com\0xor1\sus\sus.go:88.18,90.3 1 1
github.com\0xor1\sus\sus.go:95.67,96.19 1 1
github.com\0xor1\sus\sus.go:99.2,99.40 1 1
github.com\0xor1\sus\sus.go:108.2,108.8 1 1
github.com\0xor1\sus\sus.go:96.19,98.3 1 1
github.com\0xor1\sus\sus.go:99.40,101.17 2 1
github.com\0xor1\sus\sus.go:106.3,106.13 1 1
github.com\0xor1\sus\sus.go:101.17,102.31 1 1
github.com\0xor1\sus\sus.go:102.31,104.5 1 1
github.com\0xor1\sus\sus.go:112.58,115.2 2 1
github.com\0xor1\sus\sus.go:118.69,120.22 2 1
github.com\0xor1\sus\sus.go:124.2,124.16 1 1
github.com\0xor1\sus\sus.go:127.2,127.40 1 1
github.com\0xor1\sus\sus.go:153.2,153.8 1 1
github.com\0xor1\sus\sus.go:120.22,123.3 2 1
github.com\0xor1\sus\sus.go:124.16,126.3 1 1
github.com\0xor1\sus\sus.go:127.40,129.17 2 1
github.com\0xor1\sus\sus.go:151.3,151.13 1 1
github.com\0xor1\sus\sus.go:129.17,130.31 1 1
github.com\0xor1\sus\sus.go:130.31,132.5 1 1
github.com\0xor1\sus\sus.go:133.4,135.31 2 1
github.com\0xor1\sus\sus.go:143.4,143.18 1 1
github.com\0xor1\sus\sus.go:135.31,136.52 1 1
github.com\0xor1\sus\sus.go:141.5,141.29 1 1
github.com\0xor1\sus\sus.go:136.52,139.11 3 1
github.com\0xor1\sus\sus.go:143.18,144.35 1 1
github.com\0xor1\sus\sus.go:144.35,146.6 1 1
github.com\0xor1\sus\sus.go:147.5,149.5 1 1
github.com\0xor1\sus\sus.go:157.41,159.2 1 1
github.com\0xor1\sus\sus.go:162.49,163.19 1 1
github.com\0xor1\sus\sus.go:166.2,166.41 1 1
github.com\0xor1\sus\sus.go:163.19,165.3 1 1
github.com\0xor1\sus\sus.go:166.41,168.3 1 1
github.com\0xor1\sus\sus.go:175.41,175.110 1 1
github.com\0xor1\sus\sus.go:181.51,181.114 1 1
github.com\0xor1\sus\sus.go:188.60,188.151 1 1
